2023-11-08 00:31:26,224 [WARNING]: Not Found: /user_system/register
2023-11-08 01:07:59,277 [INFO]: C:\Users\joshu\Documents\Code Book\Websites\Silk Thread Dev - sites\client-sites\soft_subversionProd\GalleryProject\user_system\views.py changed, reloading.
2023-11-08 01:07:59,943 [INFO]: Watching for file changes with StatReloader
2023-11-08 01:26:09,831 [INFO]: C:\Users\joshu\Documents\Code Book\Websites\Silk Thread Dev - sites\client-sites\soft_subversionProd\GalleryProject\client\views.py changed, reloading.
2023-11-08 01:26:10,524 [INFO]: Watching for file changes with StatReloader
2023-11-08 01:26:54,169 [INFO]: C:\Users\joshu\Documents\Code Book\Websites\Silk Thread Dev - sites\client-sites\soft_subversionProd\GalleryProject\client\urls.py changed, reloading.
2023-11-08 01:26:54,886 [INFO]: Watching for file changes with StatReloader
2023-11-08 01:26:57,318 [INFO]: C:\Users\joshu\Documents\Code Book\Websites\Silk Thread Dev - sites\client-sites\soft_subversionProd\GalleryProject\client\urls.py changed, reloading.
2023-11-08 01:26:58,060 [INFO]: Watching for file changes with StatReloader
2023-11-08 01:30:09,992 [INFO]: C:\Users\joshu\Documents\Code Book\Websites\Silk Thread Dev - sites\client-sites\soft_subversionProd\GalleryProject\client\urls.py changed, reloading.
2023-11-08 01:30:10,800 [INFO]: Watching for file changes with StatReloader
2023-11-08 01:30:25,587 [INFO]: C:\Users\joshu\Documents\Code Book\Websites\Silk Thread Dev - sites\client-sites\soft_subversionProd\GalleryProject\client\views.py changed, reloading.
2023-11-08 01:30:26,261 [INFO]: Watching for file changes with StatReloader
2023-11-08 01:36:55,748 [INFO]: C:\Users\joshu\Documents\Code Book\Websites\Silk Thread Dev - sites\client-sites\soft_subversionProd\GalleryProject\client\urls.py changed, reloading.
2023-11-08 01:36:56,534 [INFO]: Watching for file changes with StatReloader
2023-11-08 01:36:59,881 [INFO]: C:\Users\joshu\Documents\Code Book\Websites\Silk Thread Dev - sites\client-sites\soft_subversionProd\GalleryProject\client\views.py changed, reloading.
2023-11-08 01:37:00,497 [INFO]: Watching for file changes with StatReloader
2023-11-08 01:40:57,687 [INFO]: C:\Users\joshu\Documents\Code Book\Websites\Silk Thread Dev - sites\client-sites\soft_subversionProd\GalleryProject\client\urls.py changed, reloading.
2023-11-08 01:40:58,537 [INFO]: Watching for file changes with StatReloader
2023-11-08 01:45:37,923 [INFO]: C:\Users\joshu\Documents\Code Book\Websites\Silk Thread Dev - sites\client-sites\soft_subversionProd\GalleryProject\client\urls.py changed, reloading.
2023-11-08 01:45:38,597 [INFO]: Watching for file changes with StatReloader
2023-11-08 01:45:44,583 [INFO]: C:\Users\joshu\Documents\Code Book\Websites\Silk Thread Dev - sites\client-sites\soft_subversionProd\GalleryProject\client\urls.py changed, reloading.
2023-11-08 01:45:45,254 [INFO]: Watching for file changes with StatReloader
2023-11-08 01:49:58,224 [INFO]: C:\Users\joshu\Documents\Code Book\Websites\Silk Thread Dev - sites\client-sites\soft_subversionProd\GalleryProject\client\views.py changed, reloading.
2023-11-08 01:49:58,960 [INFO]: Watching for file changes with StatReloader
2023-11-08 01:50:21,450 [INFO]: C:\Users\joshu\Documents\Code Book\Websites\Silk Thread Dev - sites\client-sites\soft_subversionProd\GalleryProject\client\views.py changed, reloading.
2023-11-08 01:50:22,161 [INFO]: Watching for file changes with StatReloader
2023-11-08 01:56:01,100 [INFO]: C:\Users\joshu\Documents\Code Book\Websites\Silk Thread Dev - sites\client-sites\soft_subversionProd\GalleryProject\client\views.py changed, reloading.
2023-11-08 01:56:01,722 [INFO]: Watching for file changes with StatReloader
2023-11-08 01:56:21,007 [INFO]: C:\Users\joshu\Documents\Code Book\Websites\Silk Thread Dev - sites\client-sites\soft_subversionProd\GalleryProject\client\views.py changed, reloading.
2023-11-08 01:56:21,671 [INFO]: Watching for file changes with StatReloader
2023-11-08 01:56:32,751 [INFO]: C:\Users\joshu\Documents\Code Book\Websites\Silk Thread Dev - sites\client-sites\soft_subversionProd\GalleryProject\client\views.py changed, reloading.
2023-11-08 01:56:33,397 [INFO]: Watching for file changes with StatReloader
2023-11-08 01:57:45,736 [ERROR]: Internal Server Error: /
Traceback (most recent call last):
  File "C:\Users\joshu\Documents\Code Book\Websites\Silk Thread Dev - sites\client-sites\soft_subversionProd\vert\Lib\site-packages\django\core\handlers\exception.py", line 55, in inner
    response = get_response(request)
               ^^^^^^^^^^^^^^^^^^^^^
  File "C:\Users\joshu\Documents\Code Book\Websites\Silk Thread Dev - sites\client-sites\soft_subversionProd\vert\Lib\site-packages\django\core\handlers\base.py", line 197, in _get_response
    response = wrapped_callback(request, *callback_args, **callback_kwargs)
               ^^^^^^^^^^^^^^^^^^^^^^^^^^^^^^^^^^^^^^^^^^^^^^^^^^^^^^^^^^^^
  File "C:\Users\joshu\Documents\Code Book\Websites\Silk Thread Dev - sites\client-sites\soft_subversionProd\GalleryProject\site_app\views.py", line 60, in index_page
    return render(request, 'index.html', { 'image_list': image_list})
           ^^^^^^^^^^^^^^^^^^^^^^^^^^^^^^^^^^^^^^^^^^^^^^^^^^^^^^^^^^
  File "C:\Users\joshu\Documents\Code Book\Websites\Silk Thread Dev - sites\client-sites\soft_subversionProd\vert\Lib\site-packages\django\shortcuts.py", line 24, in render
    content = loader.render_to_string(template_name, context, request, using=using)
              ^^^^^^^^^^^^^^^^^^^^^^^^^^^^^^^^^^^^^^^^^^^^^^^^^^^^^^^^^^^^^^^^^^^^^
  File "C:\Users\joshu\Documents\Code Book\Websites\Silk Thread Dev - sites\client-sites\soft_subversionProd\vert\Lib\site-packages\django\template\loader.py", line 62, in render_to_string
    return template.render(context, request)
           ^^^^^^^^^^^^^^^^^^^^^^^^^^^^^^^^^
  File "C:\Users\joshu\Documents\Code Book\Websites\Silk Thread Dev - sites\client-sites\soft_subversionProd\vert\Lib\site-packages\django\template\backends\django.py", line 61, in render
    return self.template.render(context)
           ^^^^^^^^^^^^^^^^^^^^^^^^^^^^^
  File "C:\Users\joshu\Documents\Code Book\Websites\Silk Thread Dev - sites\client-sites\soft_subversionProd\vert\Lib\site-packages\django\template\base.py", line 175, in render
    return self._render(context)
           ^^^^^^^^^^^^^^^^^^^^^
  File "C:\Users\joshu\Documents\Code Book\Websites\Silk Thread Dev - sites\client-sites\soft_subversionProd\vert\Lib\site-packages\django\template\base.py", line 167, in _render
    return self.nodelist.render(context)
           ^^^^^^^^^^^^^^^^^^^^^^^^^^^^^
  File "C:\Users\joshu\Documents\Code Book\Websites\Silk Thread Dev - sites\client-sites\soft_subversionProd\vert\Lib\site-packages\django\template\base.py", line 1005, in render
    return SafeString("".join([node.render_annotated(context) for node in self]))
                              ^^^^^^^^^^^^^^^^^^^^^^^^^^^^^^^^^^^^^^^^^^^^^^^^^
  File "C:\Users\joshu\Documents\Code Book\Websites\Silk Thread Dev - sites\client-sites\soft_subversionProd\vert\Lib\site-packages\django\template\base.py", line 1005, in <listcomp>
    return SafeString("".join([node.render_annotated(context) for node in self]))
                               ^^^^^^^^^^^^^^^^^^^^^^^^^^^^^^
  File "C:\Users\joshu\Documents\Code Book\Websites\Silk Thread Dev - sites\client-sites\soft_subversionProd\vert\Lib\site-packages\django\template\base.py", line 966, in render_annotated
    return self.render(context)
           ^^^^^^^^^^^^^^^^^^^^
  File "C:\Users\joshu\Documents\Code Book\Websites\Silk Thread Dev - sites\client-sites\soft_subversionProd\vert\Lib\site-packages\django\template\loader_tags.py", line 132, in render
    compiled_parent = self.get_parent(context)
                      ^^^^^^^^^^^^^^^^^^^^^^^^
  File "C:\Users\joshu\Documents\Code Book\Websites\Silk Thread Dev - sites\client-sites\soft_subversionProd\vert\Lib\site-packages\django\template\loader_tags.py", line 129, in get_parent
    return self.find_template(parent, context)
           ^^^^^^^^^^^^^^^^^^^^^^^^^^^^^^^^^^^
  File "C:\Users\joshu\Documents\Code Book\Websites\Silk Thread Dev - sites\client-sites\soft_subversionProd\vert\Lib\site-packages\django\template\loader_tags.py", line 107, in find_template
    template, origin = context.template.engine.find_template(
                       ^^^^^^^^^^^^^^^^^^^^^^^^^^^^^^^^^^^^^^
  File "C:\Users\joshu\Documents\Code Book\Websites\Silk Thread Dev - sites\client-sites\soft_subversionProd\vert\Lib\site-packages\django\template\engine.py", line 157, in find_template
    template = loader.get_template(name, skip=skip)
               ^^^^^^^^^^^^^^^^^^^^^^^^^^^^^^^^^^^^
  File "C:\Users\joshu\Documents\Code Book\Websites\Silk Thread Dev - sites\client-sites\soft_subversionProd\vert\Lib\site-packages\django\template\loaders\cached.py", line 57, in get_template
    template = super().get_template(template_name, skip)
               ^^^^^^^^^^^^^^^^^^^^^^^^^^^^^^^^^^^^^^^^^
  File "C:\Users\joshu\Documents\Code Book\Websites\Silk Thread Dev - sites\client-sites\soft_subversionProd\vert\Lib\site-packages\django\template\loaders\base.py", line 28, in get_template
    return Template(
           ^^^^^^^^^
  File "C:\Users\joshu\Documents\Code Book\Websites\Silk Thread Dev - sites\client-sites\soft_subversionProd\vert\Lib\site-packages\django\template\base.py", line 154, in __init__
    self.nodelist = self.compile_nodelist()
                    ^^^^^^^^^^^^^^^^^^^^^^^
  File "C:\Users\joshu\Documents\Code Book\Websites\Silk Thread Dev - sites\client-sites\soft_subversionProd\vert\Lib\site-packages\django\template\base.py", line 200, in compile_nodelist
    return parser.parse()
           ^^^^^^^^^^^^^^
  File "C:\Users\joshu\Documents\Code Book\Websites\Silk Thread Dev - sites\client-sites\soft_subversionProd\vert\Lib\site-packages\django\template\base.py", line 513, in parse
    raise self.error(token, e)
  File "C:\Users\joshu\Documents\Code Book\Websites\Silk Thread Dev - sites\client-sites\soft_subversionProd\vert\Lib\site-packages\django\template\base.py", line 511, in parse
    compiled_result = compile_func(self, token)
                      ^^^^^^^^^^^^^^^^^^^^^^^^^
  File "C:\Users\joshu\Documents\Code Book\Websites\Silk Thread Dev - sites\client-sites\soft_subversionProd\vert\Lib\site-packages\django\template\defaulttags.py", line 953, in do_if
    nodelist = parser.parse(("elif", "else", "endif"))
               ^^^^^^^^^^^^^^^^^^^^^^^^^^^^^^^^^^^^^^^
  File "C:\Users\joshu\Documents\Code Book\Websites\Silk Thread Dev - sites\client-sites\soft_subversionProd\vert\Lib\site-packages\django\template\base.py", line 513, in parse
    raise self.error(token, e)
  File "C:\Users\joshu\Documents\Code Book\Websites\Silk Thread Dev - sites\client-sites\soft_subversionProd\vert\Lib\site-packages\django\template\base.py", line 511, in parse
    compiled_result = compile_func(self, token)
                      ^^^^^^^^^^^^^^^^^^^^^^^^^
  File "C:\Users\joshu\Documents\Code Book\Websites\Silk Thread Dev - sites\client-sites\soft_subversionProd\vert\Lib\site-packages\django\template\defaulttags.py", line 853, in do_for
    nodelist_loop = parser.parse(
                    ^^^^^^^^^^^^^
  File "C:\Users\joshu\Documents\Code Book\Websites\Silk Thread Dev - sites\client-sites\soft_subversionProd\vert\Lib\site-packages\django\template\base.py", line 513, in parse
    raise self.error(token, e)
  File "C:\Users\joshu\Documents\Code Book\Websites\Silk Thread Dev - sites\client-sites\soft_subversionProd\vert\Lib\site-packages\django\template\base.py", line 511, in parse
    compiled_result = compile_func(self, token)
                      ^^^^^^^^^^^^^^^^^^^^^^^^^
  File "C:\Users\joshu\Documents\Code Book\Websites\Silk Thread Dev - sites\client-sites\soft_subversionProd\vert\Lib\site-packages\django\template\defaulttags.py", line 953, in do_if
    nodelist = parser.parse(("elif", "else", "endif"))
               ^^^^^^^^^^^^^^^^^^^^^^^^^^^^^^^^^^^^^^^
  File "C:\Users\joshu\Documents\Code Book\Websites\Silk Thread Dev - sites\client-sites\soft_subversionProd\vert\Lib\site-packages\django\template\base.py", line 484, in parse
    raise self.error(token, e)
  File "C:\Users\joshu\Documents\Code Book\Websites\Silk Thread Dev - sites\client-sites\soft_subversionProd\vert\Lib\site-packages\django\template\base.py", line 482, in parse
    filter_expression = self.compile_filter(token.contents)
                        ^^^^^^^^^^^^^^^^^^^^^^^^^^^^^^^^^^^
  File "C:\Users\joshu\Documents\Code Book\Websites\Silk Thread Dev - sites\client-sites\soft_subversionProd\vert\Lib\site-packages\django\template\base.py", line 600, in compile_filter
    return FilterExpression(token, self)
           ^^^^^^^^^^^^^^^^^^^^^^^^^^^^^
  File "C:\Users\joshu\Documents\Code Book\Websites\Silk Thread Dev - sites\client-sites\soft_subversionProd\vert\Lib\site-packages\django\template\base.py", line 703, in __init__
    raise TemplateSyntaxError(
django.template.exceptions.TemplateSyntaxError: Could not parse the remainder: ' c-panel user.id' from 'url c-panel user.id'
2023-11-08 01:57:58,656 [ERROR]: Internal Server Error: /
Traceback (most recent call last):
  File "C:\Users\joshu\Documents\Code Book\Websites\Silk Thread Dev - sites\client-sites\soft_subversionProd\vert\Lib\site-packages\django\core\handlers\exception.py", line 55, in inner
    response = get_response(request)
               ^^^^^^^^^^^^^^^^^^^^^
  File "C:\Users\joshu\Documents\Code Book\Websites\Silk Thread Dev - sites\client-sites\soft_subversionProd\vert\Lib\site-packages\django\core\handlers\base.py", line 197, in _get_response
    response = wrapped_callback(request, *callback_args, **callback_kwargs)
               ^^^^^^^^^^^^^^^^^^^^^^^^^^^^^^^^^^^^^^^^^^^^^^^^^^^^^^^^^^^^
  File "C:\Users\joshu\Documents\Code Book\Websites\Silk Thread Dev - sites\client-sites\soft_subversionProd\GalleryProject\site_app\views.py", line 60, in index_page
    return render(request, 'index.html', { 'image_list': image_list})
           ^^^^^^^^^^^^^^^^^^^^^^^^^^^^^^^^^^^^^^^^^^^^^^^^^^^^^^^^^^
  File "C:\Users\joshu\Documents\Code Book\Websites\Silk Thread Dev - sites\client-sites\soft_subversionProd\vert\Lib\site-packages\django\shortcuts.py", line 24, in render
    content = loader.render_to_string(template_name, context, request, using=using)
              ^^^^^^^^^^^^^^^^^^^^^^^^^^^^^^^^^^^^^^^^^^^^^^^^^^^^^^^^^^^^^^^^^^^^^
  File "C:\Users\joshu\Documents\Code Book\Websites\Silk Thread Dev - sites\client-sites\soft_subversionProd\vert\Lib\site-packages\django\template\loader.py", line 62, in render_to_string
    return template.render(context, request)
           ^^^^^^^^^^^^^^^^^^^^^^^^^^^^^^^^^
  File "C:\Users\joshu\Documents\Code Book\Websites\Silk Thread Dev - sites\client-sites\soft_subversionProd\vert\Lib\site-packages\django\template\backends\django.py", line 61, in render
    return self.template.render(context)
           ^^^^^^^^^^^^^^^^^^^^^^^^^^^^^
  File "C:\Users\joshu\Documents\Code Book\Websites\Silk Thread Dev - sites\client-sites\soft_subversionProd\vert\Lib\site-packages\django\template\base.py", line 175, in render
    return self._render(context)
           ^^^^^^^^^^^^^^^^^^^^^
  File "C:\Users\joshu\Documents\Code Book\Websites\Silk Thread Dev - sites\client-sites\soft_subversionProd\vert\Lib\site-packages\django\template\base.py", line 167, in _render
    return self.nodelist.render(context)
           ^^^^^^^^^^^^^^^^^^^^^^^^^^^^^
  File "C:\Users\joshu\Documents\Code Book\Websites\Silk Thread Dev - sites\client-sites\soft_subversionProd\vert\Lib\site-packages\django\template\base.py", line 1005, in render
    return SafeString("".join([node.render_annotated(context) for node in self]))
                              ^^^^^^^^^^^^^^^^^^^^^^^^^^^^^^^^^^^^^^^^^^^^^^^^^
  File "C:\Users\joshu\Documents\Code Book\Websites\Silk Thread Dev - sites\client-sites\soft_subversionProd\vert\Lib\site-packages\django\template\base.py", line 1005, in <listcomp>
    return SafeString("".join([node.render_annotated(context) for node in self]))
                               ^^^^^^^^^^^^^^^^^^^^^^^^^^^^^^
  File "C:\Users\joshu\Documents\Code Book\Websites\Silk Thread Dev - sites\client-sites\soft_subversionProd\vert\Lib\site-packages\django\template\base.py", line 966, in render_annotated
    return self.render(context)
           ^^^^^^^^^^^^^^^^^^^^
  File "C:\Users\joshu\Documents\Code Book\Websites\Silk Thread Dev - sites\client-sites\soft_subversionProd\vert\Lib\site-packages\django\template\loader_tags.py", line 132, in render
    compiled_parent = self.get_parent(context)
                      ^^^^^^^^^^^^^^^^^^^^^^^^
  File "C:\Users\joshu\Documents\Code Book\Websites\Silk Thread Dev - sites\client-sites\soft_subversionProd\vert\Lib\site-packages\django\template\loader_tags.py", line 129, in get_parent
    return self.find_template(parent, context)
           ^^^^^^^^^^^^^^^^^^^^^^^^^^^^^^^^^^^
  File "C:\Users\joshu\Documents\Code Book\Websites\Silk Thread Dev - sites\client-sites\soft_subversionProd\vert\Lib\site-packages\django\template\loader_tags.py", line 107, in find_template
    template, origin = context.template.engine.find_template(
                       ^^^^^^^^^^^^^^^^^^^^^^^^^^^^^^^^^^^^^^
  File "C:\Users\joshu\Documents\Code Book\Websites\Silk Thread Dev - sites\client-sites\soft_subversionProd\vert\Lib\site-packages\django\template\engine.py", line 157, in find_template
    template = loader.get_template(name, skip=skip)
               ^^^^^^^^^^^^^^^^^^^^^^^^^^^^^^^^^^^^
  File "C:\Users\joshu\Documents\Code Book\Websites\Silk Thread Dev - sites\client-sites\soft_subversionProd\vert\Lib\site-packages\django\template\loaders\cached.py", line 57, in get_template
    template = super().get_template(template_name, skip)
               ^^^^^^^^^^^^^^^^^^^^^^^^^^^^^^^^^^^^^^^^^
  File "C:\Users\joshu\Documents\Code Book\Websites\Silk Thread Dev - sites\client-sites\soft_subversionProd\vert\Lib\site-packages\django\template\loaders\base.py", line 28, in get_template
    return Template(
           ^^^^^^^^^
  File "C:\Users\joshu\Documents\Code Book\Websites\Silk Thread Dev - sites\client-sites\soft_subversionProd\vert\Lib\site-packages\django\template\base.py", line 154, in __init__
    self.nodelist = self.compile_nodelist()
                    ^^^^^^^^^^^^^^^^^^^^^^^
  File "C:\Users\joshu\Documents\Code Book\Websites\Silk Thread Dev - sites\client-sites\soft_subversionProd\vert\Lib\site-packages\django\template\base.py", line 200, in compile_nodelist
    return parser.parse()
           ^^^^^^^^^^^^^^
  File "C:\Users\joshu\Documents\Code Book\Websites\Silk Thread Dev - sites\client-sites\soft_subversionProd\vert\Lib\site-packages\django\template\base.py", line 513, in parse
    raise self.error(token, e)
  File "C:\Users\joshu\Documents\Code Book\Websites\Silk Thread Dev - sites\client-sites\soft_subversionProd\vert\Lib\site-packages\django\template\base.py", line 511, in parse
    compiled_result = compile_func(self, token)
                      ^^^^^^^^^^^^^^^^^^^^^^^^^
  File "C:\Users\joshu\Documents\Code Book\Websites\Silk Thread Dev - sites\client-sites\soft_subversionProd\vert\Lib\site-packages\django\template\defaulttags.py", line 953, in do_if
    nodelist = parser.parse(("elif", "else", "endif"))
               ^^^^^^^^^^^^^^^^^^^^^^^^^^^^^^^^^^^^^^^
  File "C:\Users\joshu\Documents\Code Book\Websites\Silk Thread Dev - sites\client-sites\soft_subversionProd\vert\Lib\site-packages\django\template\base.py", line 513, in parse
    raise self.error(token, e)
  File "C:\Users\joshu\Documents\Code Book\Websites\Silk Thread Dev - sites\client-sites\soft_subversionProd\vert\Lib\site-packages\django\template\base.py", line 511, in parse
    compiled_result = compile_func(self, token)
                      ^^^^^^^^^^^^^^^^^^^^^^^^^
  File "C:\Users\joshu\Documents\Code Book\Websites\Silk Thread Dev - sites\client-sites\soft_subversionProd\vert\Lib\site-packages\django\template\defaulttags.py", line 853, in do_for
    nodelist_loop = parser.parse(
                    ^^^^^^^^^^^^^
  File "C:\Users\joshu\Documents\Code Book\Websites\Silk Thread Dev - sites\client-sites\soft_subversionProd\vert\Lib\site-packages\django\template\base.py", line 513, in parse
    raise self.error(token, e)
  File "C:\Users\joshu\Documents\Code Book\Websites\Silk Thread Dev - sites\client-sites\soft_subversionProd\vert\Lib\site-packages\django\template\base.py", line 511, in parse
    compiled_result = compile_func(self, token)
                      ^^^^^^^^^^^^^^^^^^^^^^^^^
  File "C:\Users\joshu\Documents\Code Book\Websites\Silk Thread Dev - sites\client-sites\soft_subversionProd\vert\Lib\site-packages\django\template\defaulttags.py", line 953, in do_if
    nodelist = parser.parse(("elif", "else", "endif"))
               ^^^^^^^^^^^^^^^^^^^^^^^^^^^^^^^^^^^^^^^
  File "C:\Users\joshu\Documents\Code Book\Websites\Silk Thread Dev - sites\client-sites\soft_subversionProd\vert\Lib\site-packages\django\template\base.py", line 484, in parse
    raise self.error(token, e)
  File "C:\Users\joshu\Documents\Code Book\Websites\Silk Thread Dev - sites\client-sites\soft_subversionProd\vert\Lib\site-packages\django\template\base.py", line 482, in parse
    filter_expression = self.compile_filter(token.contents)
                        ^^^^^^^^^^^^^^^^^^^^^^^^^^^^^^^^^^^
  File "C:\Users\joshu\Documents\Code Book\Websites\Silk Thread Dev - sites\client-sites\soft_subversionProd\vert\Lib\site-packages\django\template\base.py", line 600, in compile_filter
    return FilterExpression(token, self)
           ^^^^^^^^^^^^^^^^^^^^^^^^^^^^^
  File "C:\Users\joshu\Documents\Code Book\Websites\Silk Thread Dev - sites\client-sites\soft_subversionProd\vert\Lib\site-packages\django\template\base.py", line 703, in __init__
    raise TemplateSyntaxError(
django.template.exceptions.TemplateSyntaxError: Could not parse the remainder: ' 'c-panel' user.id' from 'url 'c-panel' user.id'
2023-11-08 01:58:37,258 [ERROR]: Internal Server Error: /client/c-panel/binder/3
Traceback (most recent call last):
  File "C:\Users\joshu\Documents\Code Book\Websites\Silk Thread Dev - sites\client-sites\soft_subversionProd\vert\Lib\site-packages\django\core\handlers\exception.py", line 55, in inner
    response = get_response(request)
               ^^^^^^^^^^^^^^^^^^^^^
  File "C:\Users\joshu\Documents\Code Book\Websites\Silk Thread Dev - sites\client-sites\soft_subversionProd\vert\Lib\site-packages\django\core\handlers\base.py", line 197, in _get_response
    response = wrapped_callback(request, *callback_args, **callback_kwargs)
               ^^^^^^^^^^^^^^^^^^^^^^^^^^^^^^^^^^^^^^^^^^^^^^^^^^^^^^^^^^^^
  File "C:\Users\joshu\Documents\Code Book\Websites\Silk Thread Dev - sites\client-sites\soft_subversionProd\GalleryProject\client\views.py", line 485, in c_panel
    project_list = Project.objects.filter(Q(user_id__id=users_id))
                   ^^^^^^^^^^^^^^^^^^^^^^^^^^^^^^^^^^^^^^^^^^^^^^^
  File "C:\Users\joshu\Documents\Code Book\Websites\Silk Thread Dev - sites\client-sites\soft_subversionProd\vert\Lib\site-packages\django\db\models\manager.py", line 87, in manager_method
    return getattr(self.get_queryset(), name)(*args, **kwargs)
           ^^^^^^^^^^^^^^^^^^^^^^^^^^^^^^^^^^^^^^^^^^^^^^^^^^^
  File "C:\Users\joshu\Documents\Code Book\Websites\Silk Thread Dev - sites\client-sites\soft_subversionProd\vert\Lib\site-packages\django\db\models\query.py", line 1436, in filter
    return self._filter_or_exclude(False, args, kwargs)
           ^^^^^^^^^^^^^^^^^^^^^^^^^^^^^^^^^^^^^^^^^^^^
  File "C:\Users\joshu\Documents\Code Book\Websites\Silk Thread Dev - sites\client-sites\soft_subversionProd\vert\Lib\site-packages\django\db\models\query.py", line 1454, in _filter_or_exclude
    clone._filter_or_exclude_inplace(negate, args, kwargs)
  File "C:\Users\joshu\Documents\Code Book\Websites\Silk Thread Dev - sites\client-sites\soft_subversionProd\vert\Lib\site-packages\django\db\models\query.py", line 1461, in _filter_or_exclude_inplace
    self._query.add_q(Q(*args, **kwargs))
  File "C:\Users\joshu\Documents\Code Book\Websites\Silk Thread Dev - sites\client-sites\soft_subversionProd\vert\Lib\site-packages\django\db\models\sql\query.py", line 1534, in add_q
    clause, _ = self._add_q(q_object, self.used_aliases)
                ^^^^^^^^^^^^^^^^^^^^^^^^^^^^^^^^^^^^^^^^
  File "C:\Users\joshu\Documents\Code Book\Websites\Silk Thread Dev - sites\client-sites\soft_subversionProd\vert\Lib\site-packages\django\db\models\sql\query.py", line 1565, in _add_q
    child_clause, needed_inner = self.build_filter(
                                 ^^^^^^^^^^^^^^^^^^
  File "C:\Users\joshu\Documents\Code Book\Websites\Silk Thread Dev - sites\client-sites\soft_subversionProd\vert\Lib\site-packages\django\db\models\sql\query.py", line 1393, in build_filter
    return self._add_q(
           ^^^^^^^^^^^^
  File "C:\Users\joshu\Documents\Code Book\Websites\Silk Thread Dev - sites\client-sites\soft_subversionProd\vert\Lib\site-packages\django\db\models\sql\query.py", line 1565, in _add_q
    child_clause, needed_inner = self.build_filter(
                                 ^^^^^^^^^^^^^^^^^^
  File "C:\Users\joshu\Documents\Code Book\Websites\Silk Thread Dev - sites\client-sites\soft_subversionProd\vert\Lib\site-packages\django\db\models\sql\query.py", line 1415, in build_filter
    lookups, parts, reffed_expression = self.solve_lookup_type(arg, summarize)
                                        ^^^^^^^^^^^^^^^^^^^^^^^^^^^^^^^^^^^^^^
  File "C:\Users\joshu\Documents\Code Book\Websites\Silk Thread Dev - sites\client-sites\soft_subversionProd\vert\Lib\site-packages\django\db\models\sql\query.py", line 1225, in solve_lookup_type
    _, field, _, lookup_parts = self.names_to_path(lookup_splitted, self.get_meta())
                                ^^^^^^^^^^^^^^^^^^^^^^^^^^^^^^^^^^^^^^^^^^^^^^^^^^^^
  File "C:\Users\joshu\Documents\Code Book\Websites\Silk Thread Dev - sites\client-sites\soft_subversionProd\vert\Lib\site-packages\django\db\models\sql\query.py", line 1713, in names_to_path
    raise FieldError(
django.core.exceptions.FieldError: Cannot resolve keyword 'user_id' into field. Choices are: client_id, client_id_id, id, image, invoice, name, note, projectevents, projectterms, slug, status
2023-11-08 02:01:52,009 [INFO]: C:\Users\joshu\Documents\Code Book\Websites\Silk Thread Dev - sites\client-sites\soft_subversionProd\GalleryProject\client\models.py changed, reloading.
2023-11-08 02:01:52,691 [INFO]: Watching for file changes with StatReloader
2023-11-08 02:02:47,841 [INFO]: Watching for file changes with StatReloader
2023-11-08 02:02:54,286 [INFO]: C:\Users\joshu\Documents\Code Book\Websites\Silk Thread Dev - sites\client-sites\soft_subversionProd\GalleryProject\client\models.py changed, reloading.
2023-11-08 02:02:54,934 [INFO]: Watching for file changes with StatReloader
2023-11-08 02:03:31,313 [INFO]: C:\Users\joshu\Documents\Code Book\Websites\Silk Thread Dev - sites\client-sites\soft_subversionProd\GalleryProject\client\views.py changed, reloading.
2023-11-08 02:03:31,969 [INFO]: Watching for file changes with StatReloader
2023-11-08 02:03:54,708 [INFO]: C:\Users\joshu\Documents\Code Book\Websites\Silk Thread Dev - sites\client-sites\soft_subversionProd\GalleryProject\client\views.py changed, reloading.
2023-11-08 02:03:55,326 [INFO]: Watching for file changes with StatReloader
2023-11-08 02:04:31,097 [INFO]: Watching for file changes with StatReloader
2023-11-08 02:04:39,202 [ERROR]: Internal Server Error: /client/c-panel/binder/3
Traceback (most recent call last):
  File "C:\Users\joshu\Documents\Code Book\Websites\Silk Thread Dev - sites\client-sites\soft_subversionProd\vert\Lib\site-packages\django\core\handlers\exception.py", line 55, in inner
    response = get_response(request)
               ^^^^^^^^^^^^^^^^^^^^^
  File "C:\Users\joshu\Documents\Code Book\Websites\Silk Thread Dev - sites\client-sites\soft_subversionProd\vert\Lib\site-packages\django\core\handlers\base.py", line 197, in _get_response
    response = wrapped_callback(request, *callback_args, **callback_kwargs)
               ^^^^^^^^^^^^^^^^^^^^^^^^^^^^^^^^^^^^^^^^^^^^^^^^^^^^^^^^^^^^
  File "C:\Users\joshu\Documents\Code Book\Websites\Silk Thread Dev - sites\client-sites\soft_subversionProd\GalleryProject\client\views.py", line 486, in c_panel
    project_request_info = ProjectRequest.objects.filter(cleint_id=client_id)
                           ^^^^^^^^^^^^^^^^^^^^^^^^^^^^^^^^^^^^^^^^^^^^^^^^^^
  File "C:\Users\joshu\Documents\Code Book\Websites\Silk Thread Dev - sites\client-sites\soft_subversionProd\vert\Lib\site-packages\django\db\models\manager.py", line 87, in manager_method
    return getattr(self.get_queryset(), name)(*args, **kwargs)
           ^^^^^^^^^^^^^^^^^^^^^^^^^^^^^^^^^^^^^^^^^^^^^^^^^^^
  File "C:\Users\joshu\Documents\Code Book\Websites\Silk Thread Dev - sites\client-sites\soft_subversionProd\vert\Lib\site-packages\django\db\models\query.py", line 1436, in filter
    return self._filter_or_exclude(False, args, kwargs)
           ^^^^^^^^^^^^^^^^^^^^^^^^^^^^^^^^^^^^^^^^^^^^
  File "C:\Users\joshu\Documents\Code Book\Websites\Silk Thread Dev - sites\client-sites\soft_subversionProd\vert\Lib\site-packages\django\db\models\query.py", line 1454, in _filter_or_exclude
    clone._filter_or_exclude_inplace(negate, args, kwargs)
  File "C:\Users\joshu\Documents\Code Book\Websites\Silk Thread Dev - sites\client-sites\soft_subversionProd\vert\Lib\site-packages\django\db\models\query.py", line 1461, in _filter_or_exclude_inplace
    self._query.add_q(Q(*args, **kwargs))
  File "C:\Users\joshu\Documents\Code Book\Websites\Silk Thread Dev - sites\client-sites\soft_subversionProd\vert\Lib\site-packages\django\db\models\sql\query.py", line 1534, in add_q
    clause, _ = self._add_q(q_object, self.used_aliases)
                ^^^^^^^^^^^^^^^^^^^^^^^^^^^^^^^^^^^^^^^^
  File "C:\Users\joshu\Documents\Code Book\Websites\Silk Thread Dev - sites\client-sites\soft_subversionProd\vert\Lib\site-packages\django\db\models\sql\query.py", line 1565, in _add_q
    child_clause, needed_inner = self.build_filter(
                                 ^^^^^^^^^^^^^^^^^^
  File "C:\Users\joshu\Documents\Code Book\Websites\Silk Thread Dev - sites\client-sites\soft_subversionProd\vert\Lib\site-packages\django\db\models\sql\query.py", line 1415, in build_filter
    lookups, parts, reffed_expression = self.solve_lookup_type(arg, summarize)
                                        ^^^^^^^^^^^^^^^^^^^^^^^^^^^^^^^^^^^^^^
  File "C:\Users\joshu\Documents\Code Book\Websites\Silk Thread Dev - sites\client-sites\soft_subversionProd\vert\Lib\site-packages\django\db\models\sql\query.py", line 1225, in solve_lookup_type
    _, field, _, lookup_parts = self.names_to_path(lookup_splitted, self.get_meta())
                                ^^^^^^^^^^^^^^^^^^^^^^^^^^^^^^^^^^^^^^^^^^^^^^^^^^^^
  File "C:\Users\joshu\Documents\Code Book\Websites\Silk Thread Dev - sites\client-sites\soft_subversionProd\vert\Lib\site-packages\django\db\models\sql\query.py", line 1713, in names_to_path
    raise FieldError(
django.core.exceptions.FieldError: Cannot resolve keyword 'cleint_id' into field. Choices are: client_id, client_id_id, date, details, id, location, name, projectterms, requestreply, scope, slug, status
2023-11-08 02:04:48,263 [INFO]: C:\Users\joshu\Documents\Code Book\Websites\Silk Thread Dev - sites\client-sites\soft_subversionProd\GalleryProject\client\views.py changed, reloading.
2023-11-08 02:04:49,092 [INFO]: Watching for file changes with StatReloader
2023-11-08 02:09:57,298 [ERROR]: Internal Server Error: /client/c-panel/binder/3
Traceback (most recent call last):
  File "C:\Users\joshu\Documents\Code Book\Websites\Silk Thread Dev - sites\client-sites\soft_subversionProd\vert\Lib\site-packages\django\core\handlers\exception.py", line 55, in inner
    response = get_response(request)
               ^^^^^^^^^^^^^^^^^^^^^
  File "C:\Users\joshu\Documents\Code Book\Websites\Silk Thread Dev - sites\client-sites\soft_subversionProd\vert\Lib\site-packages\django\core\handlers\base.py", line 197, in _get_response
    response = wrapped_callback(request, *callback_args, **callback_kwargs)
               ^^^^^^^^^^^^^^^^^^^^^^^^^^^^^^^^^^^^^^^^^^^^^^^^^^^^^^^^^^^^
  File "C:\Users\joshu\Documents\Code Book\Websites\Silk Thread Dev - sites\client-sites\soft_subversionProd\GalleryProject\client\views.py", line 489, in c_panel
    return render(request, 'c_panel/project/binder.html', {
           ^^^^^^^^^^^^^^^^^^^^^^^^^^^^^^^^^^^^^^^^^^^^^^^^
  File "C:\Users\joshu\Documents\Code Book\Websites\Silk Thread Dev - sites\client-sites\soft_subversionProd\vert\Lib\site-packages\django\shortcuts.py", line 24, in render
    content = loader.render_to_string(template_name, context, request, using=using)
              ^^^^^^^^^^^^^^^^^^^^^^^^^^^^^^^^^^^^^^^^^^^^^^^^^^^^^^^^^^^^^^^^^^^^^
  File "C:\Users\joshu\Documents\Code Book\Websites\Silk Thread Dev - sites\client-sites\soft_subversionProd\vert\Lib\site-packages\django\template\loader.py", line 62, in render_to_string
    return template.render(context, request)
           ^^^^^^^^^^^^^^^^^^^^^^^^^^^^^^^^^
  File "C:\Users\joshu\Documents\Code Book\Websites\Silk Thread Dev - sites\client-sites\soft_subversionProd\vert\Lib\site-packages\django\template\backends\django.py", line 61, in render
    return self.template.render(context)
           ^^^^^^^^^^^^^^^^^^^^^^^^^^^^^
  File "C:\Users\joshu\Documents\Code Book\Websites\Silk Thread Dev - sites\client-sites\soft_subversionProd\vert\Lib\site-packages\django\template\base.py", line 175, in render
    return self._render(context)
           ^^^^^^^^^^^^^^^^^^^^^
  File "C:\Users\joshu\Documents\Code Book\Websites\Silk Thread Dev - sites\client-sites\soft_subversionProd\vert\Lib\site-packages\django\template\base.py", line 167, in _render
    return self.nodelist.render(context)
           ^^^^^^^^^^^^^^^^^^^^^^^^^^^^^
  File "C:\Users\joshu\Documents\Code Book\Websites\Silk Thread Dev - sites\client-sites\soft_subversionProd\vert\Lib\site-packages\django\template\base.py", line 1005, in render
    return SafeString("".join([node.render_annotated(context) for node in self]))
                              ^^^^^^^^^^^^^^^^^^^^^^^^^^^^^^^^^^^^^^^^^^^^^^^^^
  File "C:\Users\joshu\Documents\Code Book\Websites\Silk Thread Dev - sites\client-sites\soft_subversionProd\vert\Lib\site-packages\django\template\base.py", line 1005, in <listcomp>
    return SafeString("".join([node.render_annotated(context) for node in self]))
                               ^^^^^^^^^^^^^^^^^^^^^^^^^^^^^^
  File "C:\Users\joshu\Documents\Code Book\Websites\Silk Thread Dev - sites\client-sites\soft_subversionProd\vert\Lib\site-packages\django\template\base.py", line 966, in render_annotated
    return self.render(context)
           ^^^^^^^^^^^^^^^^^^^^
  File "C:\Users\joshu\Documents\Code Book\Websites\Silk Thread Dev - sites\client-sites\soft_subversionProd\vert\Lib\site-packages\django\template\loader_tags.py", line 157, in render
    return compiled_parent._render(context)
           ^^^^^^^^^^^^^^^^^^^^^^^^^^^^^^^^
  File "C:\Users\joshu\Documents\Code Book\Websites\Silk Thread Dev - sites\client-sites\soft_subversionProd\vert\Lib\site-packages\django\template\base.py", line 167, in _render
    return self.nodelist.render(context)
           ^^^^^^^^^^^^^^^^^^^^^^^^^^^^^
  File "C:\Users\joshu\Documents\Code Book\Websites\Silk Thread Dev - sites\client-sites\soft_subversionProd\vert\Lib\site-packages\django\template\base.py", line 1005, in render
    return SafeString("".join([node.render_annotated(context) for node in self]))
                              ^^^^^^^^^^^^^^^^^^^^^^^^^^^^^^^^^^^^^^^^^^^^^^^^^
  File "C:\Users\joshu\Documents\Code Book\Websites\Silk Thread Dev - sites\client-sites\soft_subversionProd\vert\Lib\site-packages\django\template\base.py", line 1005, in <listcomp>
    return SafeString("".join([node.render_annotated(context) for node in self]))
                               ^^^^^^^^^^^^^^^^^^^^^^^^^^^^^^
  File "C:\Users\joshu\Documents\Code Book\Websites\Silk Thread Dev - sites\client-sites\soft_subversionProd\vert\Lib\site-packages\django\template\base.py", line 966, in render_annotated
    return self.render(context)
           ^^^^^^^^^^^^^^^^^^^^
  File "C:\Users\joshu\Documents\Code Book\Websites\Silk Thread Dev - sites\client-sites\soft_subversionProd\vert\Lib\site-packages\django\template\defaulttags.py", line 321, in render
    return nodelist.render(context)
           ^^^^^^^^^^^^^^^^^^^^^^^^
  File "C:\Users\joshu\Documents\Code Book\Websites\Silk Thread Dev - sites\client-sites\soft_subversionProd\vert\Lib\site-packages\django\template\base.py", line 1005, in render
    return SafeString("".join([node.render_annotated(context) for node in self]))
                              ^^^^^^^^^^^^^^^^^^^^^^^^^^^^^^^^^^^^^^^^^^^^^^^^^
  File "C:\Users\joshu\Documents\Code Book\Websites\Silk Thread Dev - sites\client-sites\soft_subversionProd\vert\Lib\site-packages\django\template\base.py", line 1005, in <listcomp>
    return SafeString("".join([node.render_annotated(context) for node in self]))
                               ^^^^^^^^^^^^^^^^^^^^^^^^^^^^^^
  File "C:\Users\joshu\Documents\Code Book\Websites\Silk Thread Dev - sites\client-sites\soft_subversionProd\vert\Lib\site-packages\django\template\base.py", line 966, in render_annotated
    return self.render(context)
           ^^^^^^^^^^^^^^^^^^^^
  File "C:\Users\joshu\Documents\Code Book\Websites\Silk Thread Dev - sites\client-sites\soft_subversionProd\vert\Lib\site-packages\django\template\defaulttags.py", line 238, in render
    nodelist.append(node.render_annotated(context))
                    ^^^^^^^^^^^^^^^^^^^^^^^^^^^^^^
  File "C:\Users\joshu\Documents\Code Book\Websites\Silk Thread Dev - sites\client-sites\soft_subversionProd\vert\Lib\site-packages\django\template\base.py", line 966, in render_annotated
    return self.render(context)
           ^^^^^^^^^^^^^^^^^^^^
  File "C:\Users\joshu\Documents\Code Book\Websites\Silk Thread Dev - sites\client-sites\soft_subversionProd\vert\Lib\site-packages\django\template\defaulttags.py", line 321, in render
    return nodelist.render(context)
           ^^^^^^^^^^^^^^^^^^^^^^^^
  File "C:\Users\joshu\Documents\Code Book\Websites\Silk Thread Dev - sites\client-sites\soft_subversionProd\vert\Lib\site-packages\django\template\base.py", line 1005, in render
    return SafeString("".join([node.render_annotated(context) for node in self]))
                              ^^^^^^^^^^^^^^^^^^^^^^^^^^^^^^^^^^^^^^^^^^^^^^^^^
  File "C:\Users\joshu\Documents\Code Book\Websites\Silk Thread Dev - sites\client-sites\soft_subversionProd\vert\Lib\site-packages\django\template\base.py", line 1005, in <listcomp>
    return SafeString("".join([node.render_annotated(context) for node in self]))
                               ^^^^^^^^^^^^^^^^^^^^^^^^^^^^^^
  File "C:\Users\joshu\Documents\Code Book\Websites\Silk Thread Dev - sites\client-sites\soft_subversionProd\vert\Lib\site-packages\django\template\base.py", line 966, in render_annotated
    return self.render(context)
           ^^^^^^^^^^^^^^^^^^^^
  File "C:\Users\joshu\Documents\Code Book\Websites\Silk Thread Dev - sites\client-sites\soft_subversionProd\vert\Lib\site-packages\django\template\defaulttags.py", line 471, in render
    url = reverse(view_name, args=args, kwargs=kwargs, current_app=current_app)
          ^^^^^^^^^^^^^^^^^^^^^^^^^^^^^^^^^^^^^^^^^^^^^^^^^^^^^^^^^^^^^^^^^^^^^
  File "C:\Users\joshu\Documents\Code Book\Websites\Silk Thread Dev - sites\client-sites\soft_subversionProd\vert\Lib\site-packages\django\urls\base.py", line 88, in reverse
    return resolver._reverse_with_prefix(view, prefix, *args, **kwargs)
           ^^^^^^^^^^^^^^^^^^^^^^^^^^^^^^^^^^^^^^^^^^^^^^^^^^^^^^^^^^^^
  File "C:\Users\joshu\Documents\Code Book\Websites\Silk Thread Dev - sites\client-sites\soft_subversionProd\vert\Lib\site-packages\django\urls\resolvers.py", line 828, in _reverse_with_prefix
    raise NoReverseMatch(msg)
django.urls.exceptions.NoReverseMatch: Reverse for 'project-binder' not found. 'project-binder' is not a valid view function or pattern name.
2023-11-08 02:12:19,397 [ERROR]: Internal Server Error: /client/c-panel/binder/3
Traceback (most recent call last):
  File "C:\Users\joshu\Documents\Code Book\Websites\Silk Thread Dev - sites\client-sites\soft_subversionProd\vert\Lib\site-packages\django\core\handlers\exception.py", line 55, in inner
    response = get_response(request)
               ^^^^^^^^^^^^^^^^^^^^^
  File "C:\Users\joshu\Documents\Code Book\Websites\Silk Thread Dev - sites\client-sites\soft_subversionProd\vert\Lib\site-packages\django\core\handlers\base.py", line 197, in _get_response
    response = wrapped_callback(request, *callback_args, **callback_kwargs)
               ^^^^^^^^^^^^^^^^^^^^^^^^^^^^^^^^^^^^^^^^^^^^^^^^^^^^^^^^^^^^
  File "C:\Users\joshu\Documents\Code Book\Websites\Silk Thread Dev - sites\client-sites\soft_subversionProd\GalleryProject\client\views.py", line 489, in c_panel
    return render(request, 'c_panel/project/binder.html', {
           ^^^^^^^^^^^^^^^^^^^^^^^^^^^^^^^^^^^^^^^^^^^^^^^^
  File "C:\Users\joshu\Documents\Code Book\Websites\Silk Thread Dev - sites\client-sites\soft_subversionProd\vert\Lib\site-packages\django\shortcuts.py", line 24, in render
    content = loader.render_to_string(template_name, context, request, using=using)
              ^^^^^^^^^^^^^^^^^^^^^^^^^^^^^^^^^^^^^^^^^^^^^^^^^^^^^^^^^^^^^^^^^^^^^
  File "C:\Users\joshu\Documents\Code Book\Websites\Silk Thread Dev - sites\client-sites\soft_subversionProd\vert\Lib\site-packages\django\template\loader.py", line 62, in render_to_string
    return template.render(context, request)
           ^^^^^^^^^^^^^^^^^^^^^^^^^^^^^^^^^
  File "C:\Users\joshu\Documents\Code Book\Websites\Silk Thread Dev - sites\client-sites\soft_subversionProd\vert\Lib\site-packages\django\template\backends\django.py", line 61, in render
    return self.template.render(context)
           ^^^^^^^^^^^^^^^^^^^^^^^^^^^^^
  File "C:\Users\joshu\Documents\Code Book\Websites\Silk Thread Dev - sites\client-sites\soft_subversionProd\vert\Lib\site-packages\django\template\base.py", line 175, in render
    return self._render(context)
           ^^^^^^^^^^^^^^^^^^^^^
  File "C:\Users\joshu\Documents\Code Book\Websites\Silk Thread Dev - sites\client-sites\soft_subversionProd\vert\Lib\site-packages\django\template\base.py", line 167, in _render
    return self.nodelist.render(context)
           ^^^^^^^^^^^^^^^^^^^^^^^^^^^^^
  File "C:\Users\joshu\Documents\Code Book\Websites\Silk Thread Dev - sites\client-sites\soft_subversionProd\vert\Lib\site-packages\django\template\base.py", line 1005, in render
    return SafeString("".join([node.render_annotated(context) for node in self]))
                              ^^^^^^^^^^^^^^^^^^^^^^^^^^^^^^^^^^^^^^^^^^^^^^^^^
  File "C:\Users\joshu\Documents\Code Book\Websites\Silk Thread Dev - sites\client-sites\soft_subversionProd\vert\Lib\site-packages\django\template\base.py", line 1005, in <listcomp>
    return SafeString("".join([node.render_annotated(context) for node in self]))
                               ^^^^^^^^^^^^^^^^^^^^^^^^^^^^^^
  File "C:\Users\joshu\Documents\Code Book\Websites\Silk Thread Dev - sites\client-sites\soft_subversionProd\vert\Lib\site-packages\django\template\base.py", line 966, in render_annotated
    return self.render(context)
           ^^^^^^^^^^^^^^^^^^^^
  File "C:\Users\joshu\Documents\Code Book\Websites\Silk Thread Dev - sites\client-sites\soft_subversionProd\vert\Lib\site-packages\django\template\loader_tags.py", line 157, in render
    return compiled_parent._render(context)
           ^^^^^^^^^^^^^^^^^^^^^^^^^^^^^^^^
  File "C:\Users\joshu\Documents\Code Book\Websites\Silk Thread Dev - sites\client-sites\soft_subversionProd\vert\Lib\site-packages\django\template\base.py", line 167, in _render
    return self.nodelist.render(context)
           ^^^^^^^^^^^^^^^^^^^^^^^^^^^^^
  File "C:\Users\joshu\Documents\Code Book\Websites\Silk Thread Dev - sites\client-sites\soft_subversionProd\vert\Lib\site-packages\django\template\base.py", line 1005, in render
    return SafeString("".join([node.render_annotated(context) for node in self]))
                              ^^^^^^^^^^^^^^^^^^^^^^^^^^^^^^^^^^^^^^^^^^^^^^^^^
  File "C:\Users\joshu\Documents\Code Book\Websites\Silk Thread Dev - sites\client-sites\soft_subversionProd\vert\Lib\site-packages\django\template\base.py", line 1005, in <listcomp>
    return SafeString("".join([node.render_annotated(context) for node in self]))
                               ^^^^^^^^^^^^^^^^^^^^^^^^^^^^^^
  File "C:\Users\joshu\Documents\Code Book\Websites\Silk Thread Dev - sites\client-sites\soft_subversionProd\vert\Lib\site-packages\django\template\base.py", line 966, in render_annotated
    return self.render(context)
           ^^^^^^^^^^^^^^^^^^^^
  File "C:\Users\joshu\Documents\Code Book\Websites\Silk Thread Dev - sites\client-sites\soft_subversionProd\vert\Lib\site-packages\django\template\defaulttags.py", line 321, in render
    return nodelist.render(context)
           ^^^^^^^^^^^^^^^^^^^^^^^^
  File "C:\Users\joshu\Documents\Code Book\Websites\Silk Thread Dev - sites\client-sites\soft_subversionProd\vert\Lib\site-packages\django\template\base.py", line 1005, in render
    return SafeString("".join([node.render_annotated(context) for node in self]))
                              ^^^^^^^^^^^^^^^^^^^^^^^^^^^^^^^^^^^^^^^^^^^^^^^^^
  File "C:\Users\joshu\Documents\Code Book\Websites\Silk Thread Dev - sites\client-sites\soft_subversionProd\vert\Lib\site-packages\django\template\base.py", line 1005, in <listcomp>
    return SafeString("".join([node.render_annotated(context) for node in self]))
                               ^^^^^^^^^^^^^^^^^^^^^^^^^^^^^^
  File "C:\Users\joshu\Documents\Code Book\Websites\Silk Thread Dev - sites\client-sites\soft_subversionProd\vert\Lib\site-packages\django\template\base.py", line 966, in render_annotated
    return self.render(context)
           ^^^^^^^^^^^^^^^^^^^^
  File "C:\Users\joshu\Documents\Code Book\Websites\Silk Thread Dev - sites\client-sites\soft_subversionProd\vert\Lib\site-packages\django\template\defaulttags.py", line 238, in render
    nodelist.append(node.render_annotated(context))
                    ^^^^^^^^^^^^^^^^^^^^^^^^^^^^^^
  File "C:\Users\joshu\Documents\Code Book\Websites\Silk Thread Dev - sites\client-sites\soft_subversionProd\vert\Lib\site-packages\django\template\base.py", line 966, in render_annotated
    return self.render(context)
           ^^^^^^^^^^^^^^^^^^^^
  File "C:\Users\joshu\Documents\Code Book\Websites\Silk Thread Dev - sites\client-sites\soft_subversionProd\vert\Lib\site-packages\django\template\defaulttags.py", line 321, in render
    return nodelist.render(context)
           ^^^^^^^^^^^^^^^^^^^^^^^^
  File "C:\Users\joshu\Documents\Code Book\Websites\Silk Thread Dev - sites\client-sites\soft_subversionProd\vert\Lib\site-packages\django\template\base.py", line 1005, in render
    return SafeString("".join([node.render_annotated(context) for node in self]))
                              ^^^^^^^^^^^^^^^^^^^^^^^^^^^^^^^^^^^^^^^^^^^^^^^^^
  File "C:\Users\joshu\Documents\Code Book\Websites\Silk Thread Dev - sites\client-sites\soft_subversionProd\vert\Lib\site-packages\django\template\base.py", line 1005, in <listcomp>
    return SafeString("".join([node.render_annotated(context) for node in self]))
                               ^^^^^^^^^^^^^^^^^^^^^^^^^^^^^^
  File "C:\Users\joshu\Documents\Code Book\Websites\Silk Thread Dev - sites\client-sites\soft_subversionProd\vert\Lib\site-packages\django\template\base.py", line 966, in render_annotated
    return self.render(context)
           ^^^^^^^^^^^^^^^^^^^^
  File "C:\Users\joshu\Documents\Code Book\Websites\Silk Thread Dev - sites\client-sites\soft_subversionProd\vert\Lib\site-packages\django\template\loader_tags.py", line 63, in render
    result = block.nodelist.render(context)
             ^^^^^^^^^^^^^^^^^^^^^^^^^^^^^^
  File "C:\Users\joshu\Documents\Code Book\Websites\Silk Thread Dev - sites\client-sites\soft_subversionProd\vert\Lib\site-packages\django\template\base.py", line 1005, in render
    return SafeString("".join([node.render_annotated(context) for node in self]))
                              ^^^^^^^^^^^^^^^^^^^^^^^^^^^^^^^^^^^^^^^^^^^^^^^^^
  File "C:\Users\joshu\Documents\Code Book\Websites\Silk Thread Dev - sites\client-sites\soft_subversionProd\vert\Lib\site-packages\django\template\base.py", line 1005, in <listcomp>
    return SafeString("".join([node.render_annotated(context) for node in self]))
                               ^^^^^^^^^^^^^^^^^^^^^^^^^^^^^^
  File "C:\Users\joshu\Documents\Code Book\Websites\Silk Thread Dev - sites\client-sites\soft_subversionProd\vert\Lib\site-packages\django\template\base.py", line 966, in render_annotated
    return self.render(context)
           ^^^^^^^^^^^^^^^^^^^^
  File "C:\Users\joshu\Documents\Code Book\Websites\Silk Thread Dev - sites\client-sites\soft_subversionProd\vert\Lib\site-packages\django\template\defaulttags.py", line 321, in render
    return nodelist.render(context)
           ^^^^^^^^^^^^^^^^^^^^^^^^
  File "C:\Users\joshu\Documents\Code Book\Websites\Silk Thread Dev - sites\client-sites\soft_subversionProd\vert\Lib\site-packages\django\template\base.py", line 1005, in render
    return SafeString("".join([node.render_annotated(context) for node in self]))
                              ^^^^^^^^^^^^^^^^^^^^^^^^^^^^^^^^^^^^^^^^^^^^^^^^^
  File "C:\Users\joshu\Documents\Code Book\Websites\Silk Thread Dev - sites\client-sites\soft_subversionProd\vert\Lib\site-packages\django\template\base.py", line 1005, in <listcomp>
    return SafeString("".join([node.render_annotated(context) for node in self]))
                               ^^^^^^^^^^^^^^^^^^^^^^^^^^^^^^
  File "C:\Users\joshu\Documents\Code Book\Websites\Silk Thread Dev - sites\client-sites\soft_subversionProd\vert\Lib\site-packages\django\template\base.py", line 966, in render_annotated
    return self.render(context)
           ^^^^^^^^^^^^^^^^^^^^
  File "C:\Users\joshu\Documents\Code Book\Websites\Silk Thread Dev - sites\client-sites\soft_subversionProd\vert\Lib\site-packages\django\template\defaulttags.py", line 471, in render
    url = reverse(view_name, args=args, kwargs=kwargs, current_app=current_app)
          ^^^^^^^^^^^^^^^^^^^^^^^^^^^^^^^^^^^^^^^^^^^^^^^^^^^^^^^^^^^^^^^^^^^^^
  File "C:\Users\joshu\Documents\Code Book\Websites\Silk Thread Dev - sites\client-sites\soft_subversionProd\vert\Lib\site-packages\django\urls\base.py", line 88, in reverse
    return resolver._reverse_with_prefix(view, prefix, *args, **kwargs)
           ^^^^^^^^^^^^^^^^^^^^^^^^^^^^^^^^^^^^^^^^^^^^^^^^^^^^^^^^^^^^
  File "C:\Users\joshu\Documents\Code Book\Websites\Silk Thread Dev - sites\client-sites\soft_subversionProd\vert\Lib\site-packages\django\urls\resolvers.py", line 828, in _reverse_with_prefix
    raise NoReverseMatch(msg)
django.urls.exceptions.NoReverseMatch: Reverse for 'billing' not found. 'billing' is not a valid view function or pattern name.
2023-11-08 02:42:27,821 [ERROR]: Internal Server Error: /client/c-panel/binder/new-request
Traceback (most recent call last):
  File "C:\Users\joshu\Documents\Code Book\Websites\Silk Thread Dev - sites\client-sites\soft_subversionProd\vert\Lib\site-packages\django\core\handlers\exception.py", line 55, in inner
    response = get_response(request)
               ^^^^^^^^^^^^^^^^^^^^^
  File "C:\Users\joshu\Documents\Code Book\Websites\Silk Thread Dev - sites\client-sites\soft_subversionProd\vert\Lib\site-packages\django\core\handlers\base.py", line 197, in _get_response
    response = wrapped_callback(request, *callback_args, **callback_kwargs)
               ^^^^^^^^^^^^^^^^^^^^^^^^^^^^^^^^^^^^^^^^^^^^^^^^^^^^^^^^^^^^
  File "C:\Users\joshu\Documents\Code Book\Websites\Silk Thread Dev - sites\client-sites\soft_subversionProd\vert\Lib\site-packages\django\views\generic\base.py", line 104, in view
    return self.dispatch(request, *args, **kwargs)
           ^^^^^^^^^^^^^^^^^^^^^^^^^^^^^^^^^^^^^^^
  File "C:\Users\joshu\Documents\Code Book\Websites\Silk Thread Dev - sites\client-sites\soft_subversionProd\vert\Lib\site-packages\django\views\generic\base.py", line 143, in dispatch
    return handler(request, *args, **kwargs)
           ^^^^^^^^^^^^^^^^^^^^^^^^^^^^^^^^^
  File "C:\Users\joshu\Documents\Code Book\Websites\Silk Thread Dev - sites\client-sites\soft_subversionProd\vert\Lib\site-packages\django\views\generic\edit.py", line 184, in post
    return super().post(request, *args, **kwargs)
           ^^^^^^^^^^^^^^^^^^^^^^^^^^^^^^^^^^^^^^
  File "C:\Users\joshu\Documents\Code Book\Websites\Silk Thread Dev - sites\client-sites\soft_subversionProd\vert\Lib\site-packages\django\views\generic\edit.py", line 153, in post
    return self.form_valid(form)
           ^^^^^^^^^^^^^^^^^^^^^
  File "C:\Users\joshu\Documents\Code Book\Websites\Silk Thread Dev - sites\client-sites\soft_subversionProd\GalleryProject\client\views.py", line 533, in form_valid
    return redirect('request-status', slug_str)
           ^^^^^^^^^^^^^^^^^^^^^^^^^^^^^^^^^^^^
  File "C:\Users\joshu\Documents\Code Book\Websites\Silk Thread Dev - sites\client-sites\soft_subversionProd\vert\Lib\site-packages\django\shortcuts.py", line 48, in redirect
    return redirect_class(resolve_url(to, *args, **kwargs))
                          ^^^^^^^^^^^^^^^^^^^^^^^^^^^^^^^^
  File "C:\Users\joshu\Documents\Code Book\Websites\Silk Thread Dev - sites\client-sites\soft_subversionProd\vert\Lib\site-packages\django\shortcuts.py", line 145, in resolve_url
    return reverse(to, args=args, kwargs=kwargs)
           ^^^^^^^^^^^^^^^^^^^^^^^^^^^^^^^^^^^^^
  File "C:\Users\joshu\Documents\Code Book\Websites\Silk Thread Dev - sites\client-sites\soft_subversionProd\vert\Lib\site-packages\django\urls\base.py", line 88, in reverse
    return resolver._reverse_with_prefix(view, prefix, *args, **kwargs)
           ^^^^^^^^^^^^^^^^^^^^^^^^^^^^^^^^^^^^^^^^^^^^^^^^^^^^^^^^^^^^
  File "C:\Users\joshu\Documents\Code Book\Websites\Silk Thread Dev - sites\client-sites\soft_subversionProd\vert\Lib\site-packages\django\urls\resolvers.py", line 828, in _reverse_with_prefix
    raise NoReverseMatch(msg)
django.urls.exceptions.NoReverseMatch: Reverse for 'request-status' with arguments '('3-107013e0-prj',)' not found. 1 pattern(s) tried: ['client/c\\-panel/binder/requests/(?P<id>[0-9]+)\\Z']
2023-11-08 02:43:43,007 [INFO]: C:\Users\joshu\Documents\Code Book\Websites\Silk Thread Dev - sites\client-sites\soft_subversionProd\GalleryProject\client\views.py changed, reloading.
2023-11-08 02:43:43,806 [INFO]: Watching for file changes with StatReloader
2023-11-08 02:43:50,493 [ERROR]: Internal Server Error: /client/c-panel/binder/requests/2
Traceback (most recent call last):
  File "C:\Users\joshu\Documents\Code Book\Websites\Silk Thread Dev - sites\client-sites\soft_subversionProd\vert\Lib\site-packages\django\core\handlers\exception.py", line 55, in inner
    response = get_response(request)
               ^^^^^^^^^^^^^^^^^^^^^
  File "C:\Users\joshu\Documents\Code Book\Websites\Silk Thread Dev - sites\client-sites\soft_subversionProd\vert\Lib\site-packages\django\core\handlers\base.py", line 197, in _get_response
    response = wrapped_callback(request, *callback_args, **callback_kwargs)
               ^^^^^^^^^^^^^^^^^^^^^^^^^^^^^^^^^^^^^^^^^^^^^^^^^^^^^^^^^^^^
TypeError: request_status() got an unexpected keyword argument 'id'
2023-11-08 02:44:23,636 [INFO]: C:\Users\joshu\Documents\Code Book\Websites\Silk Thread Dev - sites\client-sites\soft_subversionProd\GalleryProject\client\views.py changed, reloading.
2023-11-08 02:44:24,344 [INFO]: Watching for file changes with StatReloader
